<?xml version="1.0" encoding="UTF-8"?>
<testng-results skipped="0" failed="1" ignored="4" total="7" passed="2">
  <reporter-output>
    <line>
      <![CDATA[-----db running-----]]>
    </line>
    <line>
      <![CDATA[----dbClosing-------]]>
    </line>
  </reporter-output>
  <suite name="Suite" duration-ms="21337" started-at="2019-07-07T23:12:40Z" finished-at="2019-07-07T23:13:01Z">
    <groups>
    </groups>
    <test name="Test" duration-ms="21337" started-at="2019-07-07T23:12:40Z" finished-at="2019-07-07T23:13:01Z">
      <class name="com.ActiTime.TestScripts.TestingFailureTest">
        <test-method status="PASS" signature="launchBowser()[pri:0, instance:com.ActiTime.TestScripts.TestingFailureTest@39c0f4a]" name="launchBowser" is-config="true" duration-ms="3909" started-at="2019-07-07T23:12:40Z" finished-at="2019-07-07T23:12:44Z">
          <reporter-output>
          </reporter-output>
        </test-method> <!-- launchBowser -->
        <test-method status="PASS" signature="actiLogin()[pri:0, instance:com.ActiTime.TestScripts.TestingFailureTest@39c0f4a]" name="actiLogin" is-config="true" duration-ms="817" started-at="2019-07-07T23:12:44Z" finished-at="2019-07-07T23:12:45Z">
          <reporter-output>
          </reporter-output>
        </test-method> <!-- actiLogin -->
        <test-method status="FAIL" signature="test1()[pri:0, instance:com.ActiTime.TestScripts.TestingFailureTest@39c0f4a]" name="test1" duration-ms="13" started-at="2019-07-07T23:12:45Z" finished-at="2019-07-07T23:12:45Z">
          <exception class="java.lang.AssertionError">
            <message>
              <![CDATA[expected [false] but found [true]]]>
            </message>
            <full-stacktrace>
              <![CDATA[java.lang.AssertionError: expected [false] but found [true]
at org.testng.Assert.fail(Assert.java:96)
at org.testng.Assert.failNotEquals(Assert.java:776)
at org.testng.Assert.assertEqualsImpl(Assert.java:137)
at org.testng.Assert.assertEquals(Assert.java:118)
at org.testng.Assert.assertEquals(Assert.java:568)
at org.testng.Assert.assertEquals(Assert.java:578)
at com.ActiTime.TestScripts.TestingFailureTest.test1(TestingFailureTest.java:15)
at sun.reflect.NativeMethodAccessorImpl.invoke0(Native Method)
at sun.reflect.NativeMethodAccessorImpl.invoke(NativeMethodAccessorImpl.java:62)
at sun.reflect.DelegatingMethodAccessorImpl.invoke(DelegatingMethodAccessorImpl.java:43)
at java.lang.reflect.Method.invoke(Method.java:498)
at org.testng.internal.MethodInvocationHelper.invokeMethod(MethodInvocationHelper.java:124)
at org.testng.internal.Invoker.invokeMethod(Invoker.java:583)
at org.testng.internal.Invoker.invokeTestMethod(Invoker.java:719)
at org.testng.internal.Invoker.invokeTestMethods(Invoker.java:989)
at org.testng.internal.TestMethodWorker.invokeTestMethods(TestMethodWorker.java:125)
at org.testng.internal.TestMethodWorker.run(TestMethodWorker.java:109)
at org.testng.TestRunner.privateRun(TestRunner.java:648)
at org.testng.TestRunner.run(TestRunner.java:505)
at org.testng.SuiteRunner.runTest(SuiteRunner.java:455)
at org.testng.SuiteRunner.runSequentially(SuiteRunner.java:450)
at org.testng.SuiteRunner.privateRun(SuiteRunner.java:415)
at org.testng.SuiteRunner.run(SuiteRunner.java:364)
at org.testng.SuiteRunnerWorker.runSuite(SuiteRunnerWorker.java:52)
at org.testng.SuiteRunnerWorker.run(SuiteRunnerWorker.java:84)
at org.testng.TestNG.runSuitesSequentially(TestNG.java:1208)
at org.testng.TestNG.runSuitesLocally(TestNG.java:1137)
at org.testng.TestNG.runSuites(TestNG.java:1049)
at org.testng.TestNG.run(TestNG.java:1017)
at org.testng.remote.AbstractRemoteTestNG.run(AbstractRemoteTestNG.java:132)
at org.testng.remote.RemoteTestNG.initAndRun(RemoteTestNG.java:230)
at org.testng.remote.RemoteTestNG.main(RemoteTestNG.java:76)
]]>
            </full-stacktrace>
          </exception> <!-- java.lang.AssertionError -->
          <reporter-output>
          </reporter-output>
        </test-method> <!-- test1 -->
        <test-method status="PASS" signature="logout()[pri:0, instance:com.ActiTime.TestScripts.TestingFailureTest@39c0f4a]" name="logout" is-config="true" duration-ms="210" started-at="2019-07-07T23:12:46Z" finished-at="2019-07-07T23:12:46Z">
          <reporter-output>
          </reporter-output>
        </test-method> <!-- logout -->
        <test-method status="PASS" signature="closeBrowser()[pri:0, instance:com.ActiTime.TestScripts.TestingFailureTest@39c0f4a]" name="closeBrowser" is-config="true" duration-ms="703" started-at="2019-07-07T23:12:46Z" finished-at="2019-07-07T23:12:47Z">
          <reporter-output>
          </reporter-output>
        </test-method> <!-- closeBrowser -->
      </class> <!-- com.ActiTime.TestScripts.TestingFailureTest -->
      <class name="com.ActiTime.TestScripts.CreateNewUserTest">
        <test-method status="PASS" signature="launchBowser()[pri:0, instance:com.ActiTime.TestScripts.CreateNewUserTest@7d9d1a19]" name="launchBowser" is-config="true" duration-ms="2596" started-at="2019-07-07T23:12:54Z" finished-at="2019-07-07T23:12:56Z">
          <reporter-output>
          </reporter-output>
        </test-method> <!-- launchBowser -->
        <test-method status="PASS" signature="actiLogin()[pri:0, instance:com.ActiTime.TestScripts.CreateNewUserTest@7d9d1a19]" name="actiLogin" is-config="true" duration-ms="801" started-at="2019-07-07T23:12:56Z" finished-at="2019-07-07T23:12:57Z">
          <reporter-output>
          </reporter-output>
        </test-method> <!-- actiLogin -->
        <test-method status="PASS" signature="createNewCustomer()[pri:2, instance:com.ActiTime.TestScripts.CreateNewUserTest@7d9d1a19]" name="createNewCustomer" duration-ms="3398" started-at="2019-07-07T23:12:57Z" finished-at="2019-07-07T23:13:01Z">
          <reporter-output>
          </reporter-output>
        </test-method> <!-- createNewCustomer -->
        <test-method status="PASS" signature="logout()[pri:0, instance:com.ActiTime.TestScripts.CreateNewUserTest@7d9d1a19]" name="logout" is-config="true" duration-ms="118" started-at="2019-07-07T23:13:01Z" finished-at="2019-07-07T23:13:01Z">
          <reporter-output>
          </reporter-output>
        </test-method> <!-- logout -->
        <test-method status="PASS" signature="closeBrowser()[pri:0, instance:com.ActiTime.TestScripts.CreateNewUserTest@7d9d1a19]" name="closeBrowser" is-config="true" duration-ms="695" started-at="2019-07-07T23:13:01Z" finished-at="2019-07-07T23:13:01Z">
          <reporter-output>
          </reporter-output>
        </test-method> <!-- closeBrowser -->
      </class> <!-- com.ActiTime.TestScripts.CreateNewUserTest -->
      <class name="com.ActiTime.TestScripts.ValidateCreateNewTaskTest">
        <test-method status="PASS" signature="databaseRunning()[pri:0, instance:com.ActiTime.TestScripts.ValidateCreateNewTaskTest@4883b407]" name="databaseRunning" is-config="true" duration-ms="16" started-at="2019-07-07T23:12:40Z" finished-at="2019-07-07T23:12:40Z">
          <reporter-output>
            <line>
              <![CDATA[-----db running-----]]>
            </line>
          </reporter-output>
        </test-method> <!-- databaseRunning -->
        <test-method status="PASS" signature="launchBowser()[pri:0, instance:com.ActiTime.TestScripts.ValidateCreateNewTaskTest@4883b407]" name="launchBowser" is-config="true" duration-ms="2648" started-at="2019-07-07T23:12:47Z" finished-at="2019-07-07T23:12:50Z">
          <reporter-output>
          </reporter-output>
        </test-method> <!-- launchBowser -->
        <test-method status="PASS" signature="actiLogin()[pri:0, instance:com.ActiTime.TestScripts.ValidateCreateNewTaskTest@4883b407]" name="actiLogin" is-config="true" duration-ms="787" started-at="2019-07-07T23:12:50Z" finished-at="2019-07-07T23:12:51Z">
          <reporter-output>
          </reporter-output>
        </test-method> <!-- actiLogin -->
        <test-method status="PASS" signature="validateNewTask()[pri:1, instance:com.ActiTime.TestScripts.ValidateCreateNewTaskTest@4883b407]" name="validateNewTask" duration-ms="2237" started-at="2019-07-07T23:12:51Z" finished-at="2019-07-07T23:12:53Z">
          <reporter-output>
          </reporter-output>
        </test-method> <!-- validateNewTask -->
        <test-method status="PASS" signature="logout()[pri:0, instance:com.ActiTime.TestScripts.ValidateCreateNewTaskTest@4883b407]" name="logout" is-config="true" duration-ms="323" started-at="2019-07-07T23:12:53Z" finished-at="2019-07-07T23:12:53Z">
          <reporter-output>
          </reporter-output>
        </test-method> <!-- logout -->
        <test-method status="PASS" signature="closeBrowser()[pri:0, instance:com.ActiTime.TestScripts.ValidateCreateNewTaskTest@4883b407]" name="closeBrowser" is-config="true" duration-ms="748" started-at="2019-07-07T23:12:53Z" finished-at="2019-07-07T23:12:54Z">
          <reporter-output>
          </reporter-output>
        </test-method> <!-- closeBrowser -->
        <test-method status="PASS" signature="closeSuit()[pri:0, instance:com.ActiTime.TestScripts.ValidateCreateNewTaskTest@4883b407]" name="closeSuit" is-config="true" duration-ms="1" started-at="2019-07-07T23:13:02Z" finished-at="2019-07-07T23:13:02Z">
          <reporter-output>
            <line>
              <![CDATA[----dbClosing-------]]>
            </line>
          </reporter-output>
        </test-method> <!-- closeSuit -->
      </class> <!-- com.ActiTime.TestScripts.ValidateCreateNewTaskTest -->
    </test> <!-- Test -->
  </suite> <!-- Suite -->
</testng-results>
